<?xml version="1.0" encoding="UTF-8"?>
<!-- Generated by org.testng.reporters.JUnitReportReporter -->
<testsuite hostname="NaveenDudhyal" failures="0" tests="6" name="com.opencart.testcase.TestingPage" time="63.068" errors="0" timestamp="2024-09-01T22:35:46 IST" skipped="0">
  <testcase classname="com.opencart.testcase.TestingPage" name="testingg1" time="9.335"/>
  <testcase classname="com.opencart.testcase.TestingPage" name="testingg1" time="11.187"/>
  <testcase classname="com.opencart.testcase.TestingPage" name="testingg2" time="10.789"/>
  <testcase classname="com.opencart.testcase.TestingPage" name="testingg2" time="11.546"/>
  <testcase classname="com.opencart.testcase.TestingPage" name="testingg3" time="9.226"/>
  <testcase classname="com.opencart.testcase.TestingPage" name="testingg3" time="10.985"/>
</testsuite> <!-- com.opencart.testcase.TestingPage -->
