<?xml version="1.0" encoding="UTF-8"?>
<!-- Generated by org.testng.reporters.JUnitReportReporter -->
<testsuite hostname="NaveenDudhyal" failures="0" tests="2" name="com.opencart.testcase.TestingPage2" time="18.334" errors="0" timestamp="2024-09-01T00:49:11 IST" skipped="0">
  <testcase classname="com.opencart.testcase.TestingPage2" name="testinggxcxzxc" time="9.557"/>
  <testcase classname="com.opencart.testcase.TestingPage2" name="testinggxcxzxc1" time="8.777"/>
</testsuite> <!-- com.opencart.testcase.TestingPage2 -->
